
# === PROCESSING C1 ===

[Baseline] Start: Case=C1, Slot=5.0nm, Nh=3e+20, Trap=0e+00
bias,success,res0,res1,rel,iters,dt,status,gmres,time,t_lin,t_res,t_ls,d_phi,g_tol,g_max,g_rst
0.00,1,8.44e-12,8.44e-12,0.00e+00,0,0.0e+00,CONVERGED,0,1.14,0.00,0.00,0.00,0.00e+00,0.01,80,20
0.20,1,2.23e+02,1.54e-08,1.00e+00,4,0.0e+00,CONVERGED,0,15.69,14.83,0.00,0.86,1.12e-02,0.01,80,20
0.40,1,2.23e+02,1.22e-10,1.00e+00,4,0.0e+00,CONVERGED,0,9.48,9.47,0.00,0.00,8.03e-03,0.01,80,20
0.60,1,2.23e+02,7.99e-05,1.00e+00,3,0.0e+00,CONVERGED,0,5.24,5.23,0.00,0.00,6.22e-03,0.01,80,20
0.80,1,2.23e+02,1.91e-05,1.00e+00,3,0.0e+00,CONVERGED,0,6.55,6.54,0.00,0.00,5.06e-03,0.01,80,20
1.00,1,2.23e+02,5.78e-06,1.00e+00,3,0.0e+00,CONVERGED,0,5.21,5.20,0.00,0.00,4.26e-03,0.01,80,20
1.20,1,2.23e+02,2.06e-06,1.00e+00,3,0.0e+00,CONVERGED,0,6.66,6.65,0.00,0.00,3.68e-03,0.01,80,20
1.40,1,2.23e+02,8.38e-07,1.00e+00,3,0.0e+00,CONVERGED,0,5.19,5.18,0.00,0.00,3.23e-03,0.01,80,20
1.60,1,2.23e+02,3.76e-07,1.00e+00,3,0.0e+00,CONVERGED,0,5.42,5.41,0.00,0.00,2.88e-03,0.01,80,20
1.80,1,2.23e+02,1.83e-07,1.00e+00,3,0.0e+00,CONVERGED,0,6.31,6.30,0.00,0.00,2.60e-03,0.01,80,20
2.00,1,2.23e+02,9.48e-08,1.00e+00,3,0.0e+00,CONVERGED,0,5.19,5.19,0.00,0.00,2.37e-03,0.01,80,20

>>> Baseline SUCCEEDED (Case 1). Running A1 Relay from 0.0V to 1.0V...

[A1] Start: Case=C1, Slot=5.0nm, Nh=3e+20, Trap=0e+00
# RelaySnap: raw=0.0000, snapped=0.0000, step=0.2000, delta=0.0e+00
# A1_dt: max=10.0, growth_cap=2.0, shrink_noise=0.8
bias,success,res0,res1,rel,iters,dt,status,gmres,time,t_lin,t_res,t_ls,d_phi,g_tol,g_max,g_rst
0.00,1,8.44e-12,8.44e-12,0.00e+00,0,1.0e-03,CONV(0/0/0),0,0.00,0.00,0.00,0.00,0.00e+00,0.1,30,5
0.20,1,2.23e+02,9.86e-06,1.00e+00,7,1.7e-02,CONV(7/0/0),0,14.44,14.39,0.00,0.04,1.12e-02,0.01,80,20
0.40,1,2.23e+02,2.81e-05,1.00e+00,4,8.6e-02,CONV(4/0/0),0,8.21,8.20,0.00,0.00,8.03e-03,0.01,80,20
0.60,1,2.23e+02,3.46e-07,1.00e+00,4,4.4e-01,CONV(4/0/0),0,7.64,7.63,0.00,0.01,6.22e-03,0.01,80,20
0.80,1,2.23e+02,5.61e-05,1.00e+00,3,1.5e+00,CONV(3/0/0),0,5.61,5.60,0.00,0.00,5.06e-03,0.01,80,20
1.00,1,2.23e+02,1.13e-05,1.00e+00,3,5.0e+00,CONV(3/0/0),0,6.99,6.98,0.00,0.00,4.26e-03,0.01,80,20

# === PROCESSING C2 ===

[Baseline] Start: Case=C2, Slot=2.0nm, Nh=3e+20, Trap=0e+00
bias,success,res0,res1,rel,iters,dt,status,gmres,time,t_lin,t_res,t_ls,d_phi,g_tol,g_max,g_rst
0.00,1,2.24e+03,4.01e-06,1.00e+00,8,0.0e+00,CONVERGED,0,17.90,17.12,0.00,0.40,1.02e-01,0.01,80,20
0.20,1,2.23e+02,1.85e-06,1.00e+00,5,0.0e+00,CONVERGED,0,10.57,10.55,0.00,0.01,7.33e-02,0.01,80,20
0.40,1,2.23e+02,4.52e-05,1.00e+00,5,0.0e+00,CONVERGED,0,9.32,9.31,0.00,0.00,2.43e-02,0.01,80,20
0.60,1,2.23e+02,1.49e-06,1.00e+00,5,0.0e+00,CONVERGED,0,10.17,10.16,0.00,0.00,1.33e-02,0.01,80,20
0.80,1,2.23e+02,8.36e-05,1.00e+00,4,0.0e+00,CONVERGED,0,8.90,8.88,0.00,0.00,9.00e-03,0.01,80,20
1.00,1,2.23e+02,3.69e-05,1.00e+00,4,0.0e+00,CONVERGED,0,7.35,7.34,0.00,0.00,6.78e-03,0.01,80,20
1.20,1,2.23e+02,2.10e-05,1.00e+00,4,0.0e+00,CONVERGED,0,8.81,8.80,0.00,0.00,5.42e-03,0.01,80,20
1.40,1,2.23e+02,1.39e-05,1.00e+00,4,0.0e+00,CONVERGED,0,8.84,8.83,0.00,0.00,4.51e-03,0.01,80,20
1.60,1,2.23e+02,8.32e-06,1.00e+00,4,0.0e+00,CONVERGED,0,7.28,7.27,0.00,0.00,3.86e-03,0.01,80,20
1.80,1,2.23e+02,5.55e-06,1.00e+00,4,0.0e+00,CONVERGED,0,8.53,8.52,0.00,0.00,3.37e-03,0.01,80,20
2.00,1,2.23e+02,3.15e-06,1.00e+00,4,0.0e+00,CONVERGED,0,7.06,7.05,0.00,0.00,2.99e-03,0.01,80,20
2.20,1,2.23e+02,2.29e-06,1.00e+00,4,0.0e+00,CONVERGED,0,8.40,8.39,0.00,0.00,2.69e-03,0.01,80,20
2.40,1,2.23e+02,1.89e-06,1.00e+00,4,0.0e+00,CONVERGED,0,9.01,9.00,0.00,0.00,2.44e-03,0.01,80,20
2.60,1,2.23e+02,1.45e-06,1.00e+00,4,0.0e+00,CONVERGED,0,7.43,7.42,0.00,0.00,2.23e-03,0.01,80,20
2.80,1,2.23e+02,1.13e-06,1.00e+00,4,0.0e+00,CONVERGED,0,8.86,8.85,0.00,0.00,2.06e-03,0.01,80,20
3.00,1,2.23e+02,1.00e-06,1.00e+00,4,0.0e+00,CONVERGED,0,8.05,8.04,0.00,0.00,1.91e-03,0.01,80,20
3.20,1,2.23e+02,9.47e-05,1.00e+00,3,0.0e+00,CONVERGED,0,6.38,6.38,0.00,0.00,1.78e-03,0.01,80,20
3.40,1,2.23e+02,7.91e-05,1.00e+00,3,0.0e+00,CONVERGED,0,5.41,5.40,0.00,0.00,1.67e-03,0.01,80,20
3.60,1,2.23e+02,7.16e-05,1.00e+00,3,0.0e+00,CONVERGED,0,6.88,6.88,0.00,0.00,1.57e-03,0.01,80,20
3.80,1,2.23e+02,5.44e-05,1.00e+00,3,0.0e+00,CONVERGED,0,5.34,5.33,0.00,0.00,1.48e-03,0.01,80,20
4.00,1,2.23e+02,5.18e-05,1.00e+00,3,0.0e+00,CONVERGED,0,6.86,6.85,0.00,0.00,1.40e-03,0.01,80,20
4.20,1,2.23e+02,4.16e-05,1.00e+00,3,0.0e+00,CONVERGED,0,5.43,5.43,0.00,0.00,1.33e-03,0.01,80,20
4.40,1,2.23e+02,3.89e-05,1.00e+00,3,0.0e+00,CONVERGED,0,6.74,6.74,0.00,0.00,1.26e-03,0.01,80,20
4.60,1,2.23e+02,3.31e-05,1.00e+00,3,0.0e+00,CONVERGED,0,5.37,5.36,0.00,0.00,1.20e-03,0.01,80,20
4.80,1,2.23e+02,3.12e-05,1.00e+00,3,0.0e+00,CONVERGED,0,6.20,6.19,0.00,0.00,1.15e-03,0.01,80,20
5.00,1,2.23e+02,3.02e-05,1.00e+00,3,0.0e+00,CONVERGED,0,5.85,5.84,0.00,0.00,1.10e-03,0.01,80,20
5.20,1,2.23e+02,2.91e-05,1.00e+00,3,0.0e+00,CONVERGED,0,5.35,5.35,0.00,0.00,1.06e-03,0.01,80,20
5.40,1,2.23e+02,2.35e-05,1.00e+00,3,0.0e+00,CONVERGED,0,6.69,6.69,0.00,0.00,1.02e-03,0.01,80,20
5.60,1,2.23e+02,2.55e-05,1.00e+00,3,0.0e+00,CONVERGED,0,5.35,5.34,0.00,0.00,9.79e-04,0.01,80,20
5.80,1,2.23e+02,2.50e-05,1.00e+00,3,0.0e+00,CONVERGED,0,6.83,6.82,0.00,0.00,9.43e-04,0.01,80,20
6.00,1,2.23e+02,2.33e-05,1.00e+00,3,0.0e+00,CONVERGED,0,5.44,5.44,0.00,0.00,9.10e-04,0.01,80,20
6.20,1,2.23e+02,2.20e-05,1.00e+00,3,0.0e+00,CONVERGED,0,6.99,6.99,0.00,0.00,8.80e-04,0.01,80,20
6.40,1,2.23e+02,2.00e-05,1.00e+00,3,0.0e+00,CONVERGED,0,5.38,5.38,0.00,0.00,8.51e-04,0.01,80,20
6.60,1,2.23e+02,1.98e-05,1.00e+00,3,0.0e+00,CONVERGED,0,6.14,6.13,0.00,0.00,8.24e-04,0.01,80,20
6.80,1,2.23e+02,1.73e-05,1.00e+00,3,0.0e+00,CONVERGED,0,6.06,6.05,0.00,0.00,7.99e-04,0.01,80,20
7.00,1,2.23e+02,1.71e-05,1.00e+00,3,0.0e+00,CONVERGED,0,5.55,5.54,0.00,0.00,7.75e-04,0.01,80,20
7.20,1,2.23e+02,1.59e-05,1.00e+00,3,0.0e+00,CONVERGED,0,6.77,6.77,0.00,0.00,7.53e-04,0.01,80,20
7.40,1,2.23e+02,1.46e-05,1.00e+00,3,0.0e+00,CONVERGED,0,5.53,5.53,0.00,0.00,7.31e-04,0.01,80,20
7.60,1,2.23e+02,1.38e-05,1.00e+00,3,0.0e+00,CONVERGED,0,6.96,6.95,0.00,0.00,7.11e-04,0.01,80,20
7.80,1,2.23e+02,1.31e-05,1.00e+00,3,0.0e+00,CONVERGED,0,5.49,5.48,0.00,0.00,6.92e-04,0.01,80,20
8.00,1,2.23e+02,1.44e-05,1.00e+00,3,0.0e+00,CONVERGED,0,6.99,6.99,0.00,0.00,6.74e-04,0.01,80,20

>>> Baseline SUCCEEDED up to 8.0V. Running A1 Relay from 7.0V to 8.0V...

[A1] Start: Case=C2, Slot=2.0nm, Nh=3e+20, Trap=0e+00
# RelaySnap: raw=7.0000, snapped=7.0000, step=0.1000, delta=0.0e+00
# A1_dt: max=10.0, growth_cap=2.0, shrink_noise=0.8
bias,success,res0,res1,rel,iters,dt,status,gmres,time,t_lin,t_res,t_ls,d_phi,g_tol,g_max,g_rst
7.00,1,1.71e-05,1.71e-05,0.00e+00,0,1.0e-03,CONV(0/0/0),0,0.00,0.00,0.00,0.00,0.00e+00,0.1,30,5
7.10,1,1.12e+02,8.27e-05,1.00e+00,14,2.9e-01,CONV(14/0/0),0,28.72,28.66,0.01,0.05,3.79e-04,0.01,80,20
7.20,1,1.12e+02,5.75e-05,1.00e+00,3,9.9e-01,CONV(3/0/0),0,5.39,5.39,0.00,0.00,3.74e-04,0.01,80,20
7.30,1,1.12e+02,1.65e-05,1.00e+00,3,3.3e+00,CONV(3/0/0),0,6.66,6.65,0.00,0.00,3.68e-04,0.01,80,20
7.40,1,1.12e+02,9.68e-05,1.00e+00,2,7.5e+00,CONV(2/0/0),0,3.50,3.49,0.00,0.00,3.63e-04,0.01,80,20
7.50,1,1.12e+02,4.94e-05,1.00e+00,2,1.0e+01,CONV(2/0/0),0,3.51,3.50,0.00,0.00,3.58e-04,0.01,80,20
7.60,1,1.12e+02,4.03e-06,1.00e+00,3,1.0e+01,CONV(3/0/0),0,6.66,6.65,0.00,0.01,3.53e-04,0.01,80,20
7.70,1,1.12e+02,8.75e-05,1.00e+00,2,1.0e+01,CONV(2/0/0),0,3.50,3.49,0.00,0.00,3.49e-04,0.01,80,20
7.80,1,1.12e+02,4.50e-05,1.00e+00,2,1.0e+01,CONV(2/0/0),0,3.56,3.56,0.00,0.00,3.44e-04,0.01,80,20
7.90,1,1.12e+02,9.55e-05,1.00e+00,2,1.0e+01,CONV(2/0/0),0,4.92,4.91,0.00,0.00,3.39e-04,0.01,80,20
8.00,1,1.12e+02,4.16e-05,1.00e+00,2,1.0e+01,CONV(2/0/0),0,3.50,3.50,0.00,0.00,3.35e-04,0.01,80,20

# === PROCESSING C3 ===

[Baseline] Start: Case=C3, Slot=2.0nm, Nh=1e+21, Trap=1e+18
bias,success,res0,res1,rel,iters,dt,status,gmres,time,t_lin,t_res,t_ls,d_phi,g_tol,g_max,g_rst
0.00,1,7.70e+03,8.66e-07,1.00e+00,9,0.0e+00,CONVERGED,0,20.84,19.76,0.01,0.69,1.38e-01,0.01,80,20
0.20,1,2.23e+02,1.94e-06,1.00e+00,5,0.0e+00,CONVERGED,0,9.04,9.03,0.00,0.00,4.75e-02,0.01,80,20
0.40,1,2.23e+02,1.68e-05,1.00e+00,5,0.0e+00,CONVERGED,0,10.48,10.47,0.00,0.00,1.92e-02,0.01,80,20
0.60,1,2.23e+02,1.53e-06,1.00e+00,5,0.0e+00,CONVERGED,0,10.55,10.54,0.00,0.00,1.15e-02,0.01,80,20
0.80,1,2.23e+02,4.48e-05,1.00e+00,4,0.0e+00,CONVERGED,0,7.33,7.32,0.00,0.00,8.12e-03,0.01,80,20
1.00,1,2.23e+02,2.77e-05,1.00e+00,4,0.0e+00,CONVERGED,0,8.12,8.12,0.00,0.00,6.26e-03,0.01,80,20
1.20,1,2.23e+02,1.52e-05,1.00e+00,4,0.0e+00,CONVERGED,0,8.44,8.43,0.00,0.00,5.08e-03,0.01,80,20
1.40,1,2.23e+02,1.00e-05,1.00e+00,4,0.0e+00,CONVERGED,0,7.13,7.12,0.00,0.00,4.27e-03,0.01,80,20
1.60,1,2.23e+02,7.63e-06,1.00e+00,4,0.0e+00,CONVERGED,0,11.45,11.44,0.00,0.00,3.68e-03,0.01,80,20
1.80,1,2.23e+02,4.58e-06,1.00e+00,4,0.0e+00,CONVERGED,0,8.67,8.66,0.00,0.00,3.23e-03,0.01,80,20
2.00,1,2.23e+02,3.53e-06,1.00e+00,4,0.0e+00,CONVERGED,0,7.32,7.32,0.00,0.00,2.88e-03,0.01,80,20
2.20,1,2.23e+02,2.91e-06,1.00e+00,4,0.0e+00,CONVERGED,0,8.70,8.69,0.00,0.01,2.60e-03,0.01,80,20
2.40,1,2.23e+02,2.19e-06,1.00e+00,4,0.0e+00,CONVERGED,0,7.30,7.29,0.00,0.00,2.37e-03,0.01,80,20
2.60,1,2.23e+02,1.73e-06,1.00e+00,4,0.0e+00,CONVERGED,0,8.86,8.85,0.00,0.00,2.17e-03,0.01,80,20
2.80,1,2.23e+02,1.15e-06,1.00e+00,4,0.0e+00,CONVERGED,0,8.77,8.76,0.00,0.00,2.00e-03,0.01,80,20
3.00,1,2.23e+02,1.02e-06,1.00e+00,4,0.0e+00,CONVERGED,0,7.22,7.21,0.00,0.00,1.86e-03,0.01,80,20
3.20,1,2.23e+02,9.79e-05,1.00e+00,3,0.0e+00,CONVERGED,0,6.94,6.94,0.00,0.00,1.74e-03,0.01,80,20
3.40,1,2.23e+02,7.61e-05,1.00e+00,3,0.0e+00,CONVERGED,0,5.38,5.38,0.00,0.00,1.63e-03,0.01,80,20
3.60,1,2.23e+02,7.12e-05,1.00e+00,3,0.0e+00,CONVERGED,0,6.73,6.72,0.00,0.00,1.54e-03,0.01,80,20
3.80,1,2.23e+02,6.29e-05,1.00e+00,3,0.0e+00,CONVERGED,0,5.79,5.78,0.00,0.00,1.45e-03,0.01,80,20
4.00,1,2.23e+02,5.67e-05,1.00e+00,3,0.0e+00,CONVERGED,0,6.03,6.02,0.00,0.00,1.37e-03,0.01,80,20
4.20,1,2.23e+02,4.72e-05,1.00e+00,3,0.0e+00,CONVERGED,0,6.10,6.09,0.00,0.00,1.31e-03,0.01,80,20
4.40,1,2.23e+02,4.68e-05,1.00e+00,3,0.0e+00,CONVERGED,0,5.49,5.49,0.00,0.00,1.24e-03,0.01,80,20
4.60,1,2.23e+02,4.04e-05,1.00e+00,3,0.0e+00,CONVERGED,0,6.87,6.86,0.00,0.00,1.19e-03,0.01,80,20
4.80,1,2.23e+02,3.77e-05,1.00e+00,3,0.0e+00,CONVERGED,0,5.47,5.47,0.00,0.00,1.14e-03,0.01,80,20
5.00,1,2.23e+02,3.49e-05,1.00e+00,3,0.0e+00,CONVERGED,0,6.84,6.84,0.00,0.00,1.09e-03,0.01,80,20
5.20,1,2.23e+02,3.05e-05,1.00e+00,3,0.0e+00,CONVERGED,0,5.34,5.34,0.00,0.00,1.04e-03,0.01,80,20
5.40,1,2.23e+02,2.82e-05,1.00e+00,3,0.0e+00,CONVERGED,0,6.85,6.84,0.00,0.00,1.00e-03,0.01,80,20
5.60,1,2.23e+02,2.70e-05,1.00e+00,3,0.0e+00,CONVERGED,0,5.38,5.37,0.00,0.00,9.67e-04,0.01,80,20
5.80,1,2.23e+02,2.54e-05,1.00e+00,3,0.0e+00,CONVERGED,0,6.15,6.15,0.00,0.00,9.32e-04,0.01,80,20
6.00,1,2.23e+02,2.80e-05,1.00e+00,3,0.0e+00,CONVERGED,0,6.03,6.02,0.00,0.00,9.00e-04,0.01,80,20
6.20,1,2.23e+02,2.33e-05,1.00e+00,3,0.0e+00,CONVERGED,0,5.75,5.74,0.00,0.00,8.70e-04,0.01,80,20
6.40,1,2.23e+02,2.45e-05,1.00e+00,3,0.0e+00,CONVERGED,0,6.96,6.95,0.00,0.00,8.42e-04,0.01,80,20
6.60,1,2.23e+02,2.27e-05,1.00e+00,3,0.0e+00,CONVERGED,0,5.68,5.67,0.00,0.00,8.15e-04,0.01,80,20
6.80,1,2.23e+02,2.24e-05,1.00e+00,3,0.0e+00,CONVERGED,0,7.16,7.15,0.01,0.00,7.91e-04,0.01,80,20
7.00,1,2.23e+02,2.17e-05,1.00e+00,3,0.0e+00,CONVERGED,0,5.65,5.64,0.00,0.00,7.67e-04,0.01,80,20
7.20,1,2.23e+02,2.21e-05,1.00e+00,3,0.0e+00,CONVERGED,0,7.19,7.19,0.00,0.00,7.45e-04,0.01,80,20
7.40,1,2.23e+02,1.96e-05,1.00e+00,3,0.0e+00,CONVERGED,0,5.79,5.79,0.00,0.00,7.25e-04,0.01,80,20
7.60,1,2.23e+02,2.04e-05,1.00e+00,3,0.0e+00,CONVERGED,0,7.05,7.04,0.00,0.00,7.05e-04,0.01,80,20
7.80,1,2.23e+02,1.77e-05,1.00e+00,3,0.0e+00,CONVERGED,0,5.61,5.61,0.00,0.00,6.86e-04,0.01,80,20
8.00,1,2.23e+02,1.67e-05,1.00e+00,3,0.0e+00,CONVERGED,0,7.17,7.16,0.00,0.00,6.69e-04,0.01,80,20

>>> Baseline SUCCEEDED up to 8.0V. Running A1 Relay from 4.0V to 5.0V...

[A1] Start: Case=C3, Slot=2.0nm, Nh=1e+21, Trap=1e+18
# RelaySnap: raw=4.0000, snapped=4.0000, step=0.0500, delta=0.0e+00
# A1_dt: max=10.0, growth_cap=2.0, shrink_noise=0.8
bias,success,res0,res1,rel,iters,dt,status,gmres,time,t_lin,t_res,t_ls,d_phi,g_tol,g_max,g_rst
4.00,1,5.67e-05,5.67e-05,0.00e+00,0,1.0e-03,CONV(0/0/0),0,0.00,0.00,0.00,0.00,0.00e+00,0.1,30,5
4.05,1,5.58e+01,9.32e-05,1.00e+00,14,2.9e-01,CONV(14/0/0),0,29.12,29.05,0.01,0.05,3.33e-04,0.01,80,20
4.10,1,5.58e+01,6.05e-05,1.00e+00,3,9.9e-01,CONV(3/0/0),0,5.45,5.44,0.00,0.00,3.28e-04,0.01,80,20
4.15,1,5.58e+01,6.71e-05,1.00e+00,2,2.2e+00,CONV(2/0/0),0,5.26,5.25,0.00,0.00,3.24e-04,0.01,80,20
4.20,1,5.58e+01,4.50e-05,1.00e+00,2,5.0e+00,CONV(2/0/0),0,3.81,3.80,0.00,0.00,3.20e-04,0.01,80,20
4.25,1,5.58e+01,3.36e-05,1.00e+00,2,1.0e+01,CONV(2/0/0),0,3.75,3.74,0.00,0.00,3.16e-04,0.01,80,20
4.30,1,5.58e+01,3.02e-05,1.00e+00,2,1.0e+01,CONV(2/0/0),0,5.16,5.15,0.00,0.00,3.13e-04,0.01,80,20
4.35,1,5.58e+01,2.94e-05,1.00e+00,2,1.0e+01,CONV(2/0/0),0,3.91,3.90,0.00,0.00,3.09e-04,0.01,80,20
4.40,1,5.58e+01,2.88e-05,1.00e+00,2,1.0e+01,CONV(2/0/0),0,3.68,3.68,0.00,0.00,3.05e-04,0.01,80,20
4.45,1,5.58e+01,2.84e-05,1.00e+00,2,1.0e+01,CONV(2/0/0),0,4.22,4.21,0.00,0.00,3.02e-04,0.01,80,20
4.50,1,5.58e+01,2.79e-05,1.00e+00,2,1.0e+01,CONV(2/0/0),0,4.66,4.65,0.00,0.00,2.98e-04,0.01,80,20
4.55,1,5.58e+01,2.76e-05,1.00e+00,2,1.0e+01,CONV(2/0/0),0,3.76,3.76,0.00,0.00,2.95e-04,0.01,80,20
4.60,1,5.58e+01,2.70e-05,1.00e+00,2,1.0e+01,CONV(2/0/0),0,3.69,3.69,0.00,0.00,2.92e-04,0.01,80,20
4.65,1,5.58e+01,2.55e-05,1.00e+00,2,1.0e+01,CONV(2/0/0),0,4.96,4.95,0.00,0.00,2.88e-04,0.01,80,20
4.70,1,5.58e+01,2.62e-05,1.00e+00,2,1.0e+01,CONV(2/0/0),0,3.69,3.68,0.00,0.00,2.85e-04,0.01,80,20
4.75,1,5.58e+01,2.53e-05,1.00e+00,2,1.0e+01,CONV(2/0/0),0,3.66,3.65,0.00,0.00,2.82e-04,0.01,80,20
4.80,1,5.58e+01,2.53e-05,1.00e+00,2,1.0e+01,CONV(2/0/0),0,4.93,4.92,0.00,0.00,2.79e-04,0.01,80,20
4.85,1,5.58e+01,2.49e-05,1.00e+00,2,1.0e+01,CONV(2/0/0),0,3.62,3.62,0.00,0.00,2.76e-04,0.01,80,20
4.90,1,5.58e+01,2.46e-05,1.00e+00,2,1.0e+01,CONV(2/0/0),0,3.57,3.56,0.00,0.00,2.73e-04,0.01,80,20
4.95,1,5.58e+01,2.42e-05,1.00e+00,2,1.0e+01,CONV(2/0/0),0,3.98,3.97,0.00,0.00,2.71e-04,0.01,80,20
5.00,1,5.58e+01,2.37e-05,1.00e+00,2,1.0e+01,CONV(2/0/0),0,4.34,4.34,0.00,0.00,2.68e-04,0.01,80,20

=== SUMMARY TABLE ===
                  max_bias  fail_reason
solver   case_id                       
A1       C1            1.0  CONV(3/0/0)
         C2            8.0  CONV(2/0/0)
         C3            5.0  CONV(2/0/0)
Baseline C1            2.0    CONVERGED
         C2            8.0    CONVERGED
         C3            8.0    CONVERGED

>>> Log saved to BenchS_v1712_FullLog.csv
